2013-01-09 20:44:49,641 [main] ERROR StackTrace  - Full Stack Trace:
junit.framework.AssertionFailedError: Implement me
	at junit.framework.Assert.fail(Assert.java:50)
	at junit.framework.Assert$fail.callStatic(Unknown Source)
	at org.codehaus.groovy.runtime.callsite.CallSiteArray.defaultCallStatic(CallSiteArray.java:53)
	at org.codehaus.groovy.runtime.callsite.AbstractCallSite.callStatic(AbstractCallSite.java:157)
	at org.codehaus.groovy.runtime.callsite.AbstractCallSite.callStatic(AbstractCallSite.java:165)
	at pile.qui.deborde.HelloWorldControllerTests.testSomething(HelloWorldControllerTests.groovy:15)
	at sun.reflect.NativeMethodAccessorImpl.invoke0(Native Method)
	at sun.reflect.NativeMethodAccessorImpl.invoke(NativeMethodAccessorImpl.java:57)
	at sun.reflect.DelegatingMethodAccessorImpl.invoke(DelegatingMethodAccessorImpl.java:43)
	at java.lang.reflect.Method.invoke(Method.java:601)
	at org.junit.runners.model.FrameworkMethod$1.runReflectiveCall(FrameworkMethod.java:45)
	at org.junit.internal.runners.model.ReflectiveCallable.run(ReflectiveCallable.java:15)
	at org.junit.runners.model.FrameworkMethod.invokeExplosively(FrameworkMethod.java:42)
	at org.junit.internal.runners.statements.InvokeMethod.evaluate(InvokeMethod.java:20)
	at org.junit.internal.runners.statements.RunBefores.evaluate(RunBefores.java:28)
	at org.junit.internal.runners.statements.RunAfters.evaluate(RunAfters.java:30)
	at org.junit.runners.ParentRunner.runLeaf(ParentRunner.java:263)
	at org.junit.runners.BlockJUnit4ClassRunner.runChild(BlockJUnit4ClassRunner.java:68)
	at org.junit.runners.BlockJUnit4ClassRunner.runChild(BlockJUnit4ClassRunner.java:47)
	at org.junit.runners.ParentRunner$3.run(ParentRunner.java:231)
	at org.junit.runners.ParentRunner$1.schedule(ParentRunner.java:60)
	at org.junit.runners.ParentRunner.runChildren(ParentRunner.java:229)
	at org.junit.runners.ParentRunner.access$000(ParentRunner.java:50)
	at org.junit.runners.ParentRunner$2.evaluate(ParentRunner.java:222)
	at org.junit.internal.runners.statements.RunBefores.evaluate(RunBefores.java:28)
	at org.junit.internal.runners.statements.RunAfters.evaluate(RunAfters.java:30)
	at org.junit.runners.ParentRunner.run(ParentRunner.java:300)
	at org.junit.runners.Suite.runChild(Suite.java:128)
	at org.junit.runners.Suite.runChild(Suite.java:24)
	at org.junit.runners.ParentRunner$3.run(ParentRunner.java:231)
	at org.junit.runners.ParentRunner$1.schedule(ParentRunner.java:60)
	at org.junit.runners.ParentRunner.runChildren(ParentRunner.java:229)
	at org.junit.runners.ParentRunner.access$000(ParentRunner.java:50)
	at org.junit.runners.ParentRunner$2.evaluate(ParentRunner.java:222)
	at org.junit.runners.ParentRunner.run(ParentRunner.java:300)
	at org.junit.runners.ParentRunner$run.call(Unknown Source)
	at org.codehaus.groovy.runtime.callsite.CallSiteArray.defaultCall(CallSiteArray.java:45)
	at org.codehaus.groovy.runtime.callsite.AbstractCallSite.call(AbstractCallSite.java:108)
	at org.codehaus.groovy.runtime.callsite.AbstractCallSite.call(AbstractCallSite.java:116)
	at org.codehaus.groovy.grails.test.junit4.JUnit4GrailsTestType.doRun(JUnit4GrailsTestType.groovy:113)
	at sun.reflect.NativeMethodAccessorImpl.invoke0(Native Method)
	at sun.reflect.NativeMethodAccessorImpl.invoke(NativeMethodAccessorImpl.java:57)
	at sun.reflect.DelegatingMethodAccessorImpl.invoke(DelegatingMethodAccessorImpl.java:43)
	at java.lang.reflect.Method.invoke(Method.java:601)
	at org.codehaus.groovy.runtime.callsite.PogoMetaMethodSite$PogoCachedMethodSiteNoUnwrapNoCoerce.invoke(PogoMetaMethodSite.java:272)
	at org.codehaus.groovy.runtime.callsite.PogoMetaMethodSite.callCurrent(PogoMetaMethodSite.java:52)
	at org.codehaus.groovy.runtime.callsite.CallSiteArray.defaultCallCurrent(CallSiteArray.java:49)
	at org.codehaus.groovy.runtime.callsite.AbstractCallSite.callCurrent(AbstractCallSite.java:133)
	at org.codehaus.groovy.runtime.callsite.AbstractCallSite.callCurrent(AbstractCallSite.java:141)
	at org.codehaus.groovy.grails.test.support.GrailsTestTypeSupport.run(GrailsTestTypeSupport.groovy:118)
	at org.codehaus.groovy.grails.test.GrailsTestType$run.call(Unknown Source)
	at org.codehaus.groovy.runtime.callsite.CallSiteArray.defaultCall(CallSiteArray.java:45)
	at org.codehaus.groovy.runtime.callsite.AbstractCallSite.call(AbstractCallSite.java:108)
	at org.codehaus.groovy.runtime.callsite.AbstractCallSite.call(AbstractCallSite.java:116)
	at TestApp$_run_closure4.doCall(TestApp:290)
	at sun.reflect.NativeMethodAccessorImpl.invoke0(Native Method)
	at sun.reflect.NativeMethodAccessorImpl.invoke(NativeMethodAccessorImpl.java:57)
	at sun.reflect.DelegatingMethodAccessorImpl.invoke(DelegatingMethodAccessorImpl.java:43)
	at java.lang.reflect.Method.invoke(Method.java:601)
	at org.codehaus.groovy.runtime.callsite.PogoMetaMethodSite$PogoCachedMethodSiteNoUnwrapNoCoerce.invoke(PogoMetaMethodSite.java:272)
	at org.codehaus.groovy.runtime.callsite.PogoMetaMethodSite.callCurrent(PogoMetaMethodSite.java:52)
	at org.codehaus.groovy.runtime.callsite.CallSiteArray.defaultCallCurrent(CallSiteArray.java:49)
	at org.codehaus.groovy.runtime.callsite.AbstractCallSite.callCurrent(AbstractCallSite.java:133)
	at org.codehaus.groovy.runtime.callsite.AbstractCallSite.callCurrent(AbstractCallSite.java:145)
	at TestApp$_run_closure4.call(TestApp)
	at sun.reflect.NativeMethodAccessorImpl.invoke0(Native Method)
	at sun.reflect.NativeMethodAccessorImpl.invoke(NativeMethodAccessorImpl.java:57)
	at sun.reflect.DelegatingMethodAccessorImpl.invoke(DelegatingMethodAccessorImpl.java:43)
	at java.lang.reflect.Method.invoke(Method.java:601)
	at org.codehaus.groovy.reflection.CachedMethod.invoke(CachedMethod.java:90)
	at groovy.lang.MetaMethod.doMethodInvoke(MetaMethod.java:233)
	at groovy.lang.MetaClassImpl.invokeMethod(MetaClassImpl.java:1076)
	at groovy.lang.ExpandoMetaClass.invokeMethod(ExpandoMetaClass.java:1110)
	at groovy.lang.MetaClassImpl.invokeMethod(MetaClassImpl.java:906)
	at groovy.lang.MetaClassImpl.invokePropertyOrMissing(MetaClassImpl.java:1122)
	at groovy.lang.MetaClassImpl.invokeMethod(MetaClassImpl.java:1078)
	at groovy.lang.ExpandoMetaClass.invokeMethod(ExpandoMetaClass.java:1110)
	at groovy.lang.MetaClassImpl.invokeMethod(MetaClassImpl.java:906)
	at groovy.lang.MetaClassImpl.invokeMethod(MetaClassImpl.java:727)
	at groovy.lang.GroovyObjectSupport.invokeMethod(GroovyObjectSupport.java:44)
	at groovy.lang.Script.invokeMethod(Script.java:78)
	at groovy.lang.MetaClassImpl.invokeMethodOnGroovyObject(MetaClassImpl.java:1141)
	at groovy.lang.MetaClassImpl.invokeMethod(MetaClassImpl.java:1035)
	at groovy.lang.ExpandoMetaClass.invokeMethod(ExpandoMetaClass.java:1110)
	at groovy.lang.MetaClassImpl.invokeMethod(MetaClassImpl.java:906)
	at org.codehaus.groovy.runtime.callsite.PogoMetaClassSite.callCurrent(PogoMetaClassSite.java:66)
	at org.codehaus.groovy.runtime.callsite.CallSiteArray.defaultCallCurrent(CallSiteArray.java:49)
	at org.codehaus.groovy.runtime.callsite.AbstractCallSite.callCurrent(AbstractCallSite.java:133)
	at org.codehaus.groovy.runtime.callsite.AbstractCallSite.callCurrent(AbstractCallSite.java:145)
	at TestApp$_run_closure2.doCall(TestApp:248)
	at sun.reflect.NativeMethodAccessorImpl.invoke0(Native Method)
	at sun.reflect.NativeMethodAccessorImpl.invoke(NativeMethodAccessorImpl.java:57)
	at sun.reflect.DelegatingMethodAccessorImpl.invoke(DelegatingMethodAccessorImpl.java:43)
	at java.lang.reflect.Method.invoke(Method.java:601)
	at org.codehaus.groovy.reflection.CachedMethod.invoke(CachedMethod.java:90)
	at groovy.lang.MetaMethod.doMethodInvoke(MetaMethod.java:233)
	at groovy.lang.MetaClassImpl.invokeMethod(MetaClassImpl.java:1076)
	at groovy.lang.ExpandoMetaClass.invokeMethod(ExpandoMetaClass.java:1110)
	at groovy.lang.MetaClassImpl.invokeMethod(MetaClassImpl.java:906)
	at groovy.lang.Closure.call(Closure.java:415)
	at groovy.lang.Closure.call(Closure.java:428)
	at org.codehaus.groovy.runtime.DefaultGroovyMethods.each(DefaultGroovyMethods.java:1326)
	at org.codehaus.groovy.runtime.DefaultGroovyMethods.each(DefaultGroovyMethods.java:1298)
	at org.codehaus.groovy.runtime.dgm$148.invoke(Unknown Source)
	at org.codehaus.groovy.runtime.callsite.PojoMetaMethodSite$PojoMetaMethodSiteNoUnwrapNoCoerce.invoke(PojoMetaMethodSite.java:271)
	at org.codehaus.groovy.runtime.callsite.PojoMetaMethodSite.call(PojoMetaMethodSite.java:53)
	at org.codehaus.groovy.runtime.callsite.CallSiteArray.defaultCall(CallSiteArray.java:45)
	at org.codehaus.groovy.runtime.callsite.AbstractCallSite.call(AbstractCallSite.java:108)
	at org.codehaus.groovy.runtime.callsite.AbstractCallSite.call(AbstractCallSite.java:116)
	at TestApp$_run_closure1_closure21.doCall(TestApp:195)
	at sun.reflect.NativeMethodAccessorImpl.invoke0(Native Method)
	at sun.reflect.NativeMethodAccessorImpl.invoke(NativeMethodAccessorImpl.java:57)
	at sun.reflect.DelegatingMethodAccessorImpl.invoke(DelegatingMethodAccessorImpl.java:43)
	at java.lang.reflect.Method.invoke(Method.java:601)
	at org.codehaus.groovy.reflection.CachedMethod.invoke(CachedMethod.java:90)
	at groovy.lang.MetaMethod.doMethodInvoke(MetaMethod.java:233)
	at groovy.lang.MetaClassImpl.invokeMethod(MetaClassImpl.java:1076)
	at groovy.lang.ExpandoMetaClass.invokeMethod(ExpandoMetaClass.java:1110)
	at groovy.lang.MetaClassImpl.invokeMethod(MetaClassImpl.java:906)
	at groovy.lang.Closure.call(Closure.java:415)
	at org.codehaus.groovy.runtime.DefaultGroovyMethods.callClosureForMapEntry(DefaultGroovyMethods.java:3870)
	at org.codehaus.groovy.runtime.DefaultGroovyMethods.each(DefaultGroovyMethods.java:1355)
	at org.codehaus.groovy.runtime.dgm$149.invoke(Unknown Source)
	at org.codehaus.groovy.runtime.callsite.PojoMetaMethodSite$PojoMetaMethodSiteNoUnwrapNoCoerce.invoke(PojoMetaMethodSite.java:271)
	at org.codehaus.groovy.runtime.callsite.PojoMetaMethodSite.call(PojoMetaMethodSite.java:53)
	at org.codehaus.groovy.runtime.callsite.CallSiteArray.defaultCall(CallSiteArray.java:45)
	at org.codehaus.groovy.runtime.callsite.AbstractCallSite.call(AbstractCallSite.java:108)
	at org.codehaus.groovy.runtime.callsite.AbstractCallSite.call(AbstractCallSite.java:116)
	at TestApp$_run_closure1.doCall(TestApp:184)
	at sun.reflect.NativeMethodAccessorImpl.invoke0(Native Method)
	at sun.reflect.NativeMethodAccessorImpl.invoke(NativeMethodAccessorImpl.java:57)
	at sun.reflect.DelegatingMethodAccessorImpl.invoke(DelegatingMethodAccessorImpl.java:43)
	at java.lang.reflect.Method.invoke(Method.java:601)
	at org.codehaus.groovy.reflection.CachedMethod.invoke(CachedMethod.java:90)
	at groovy.lang.MetaMethod.doMethodInvoke(MetaMethod.java:233)
	at groovy.lang.MetaClassImpl.invokeMethod(MetaClassImpl.java:1076)
	at groovy.lang.ExpandoMetaClass.invokeMethod(ExpandoMetaClass.java:1110)
	at groovy.lang.MetaClassImpl.invokeMethod(MetaClassImpl.java:906)
	at groovy.lang.DelegatingMetaClass.invokeMethod(DelegatingMetaClass.java:149)
	at org.codehaus.gant.GantMetaClass.invokeMethod(GantMetaClass.java:133)
	at groovy.lang.Closure.call(Closure.java:415)
	at groovy.lang.Closure.call(Closure.java:428)
	at sun.reflect.GeneratedMethodAccessor54.invoke(Unknown Source)
	at sun.reflect.DelegatingMethodAccessorImpl.invoke(DelegatingMethodAccessorImpl.java:43)
	at java.lang.reflect.Method.invoke(Method.java:601)
	at org.codehaus.groovy.reflection.CachedMethod.invoke(CachedMethod.java:90)
	at groovy.lang.MetaMethod.doMethodInvoke(MetaMethod.java:233)
	at groovy.lang.MetaClassImpl.invokeMethod(MetaClassImpl.java:1076)
	at groovy.lang.ExpandoMetaClass.invokeMethod(ExpandoMetaClass.java:1110)
	at groovy.lang.MetaClassImpl.invokeMethod(MetaClassImpl.java:906)
	at groovy.lang.DelegatingMetaClass.invokeMethod(DelegatingMetaClass.java:149)
	at org.codehaus.gant.GantMetaClass.invokeMethod(GantMetaClass.java:133)
	at org.codehaus.groovy.runtime.callsite.PogoMetaClassSite.call(PogoMetaClassSite.java:39)
	at org.codehaus.groovy.runtime.callsite.CallSiteArray.defaultCall(CallSiteArray.java:45)
	at org.codehaus.groovy.runtime.callsite.PogoMetaClassSite.call(PogoMetaClassSite.java:54)
	at org.codehaus.groovy.runtime.callsite.AbstractCallSite.call(AbstractCallSite.java:116)
	at org.codehaus.gant.GantBinding$_initializeGantBinding_closure5_closure16_closure18.doCall(GantBinding.groovy:185)
	at sun.reflect.NativeMethodAccessorImpl.invoke0(Native Method)
	at sun.reflect.NativeMethodAccessorImpl.invoke(NativeMethodAccessorImpl.java:57)
	at sun.reflect.DelegatingMethodAccessorImpl.invoke(DelegatingMethodAccessorImpl.java:43)
	at java.lang.reflect.Method.invoke(Method.java:601)
	at org.codehaus.groovy.runtime.callsite.PogoMetaMethodSite$PogoCachedMethodSite.invoke(PogoMetaMethodSite.java:231)
	at org.codehaus.groovy.runtime.callsite.PogoMetaMethodSite.callCurrent(PogoMetaMethodSite.java:52)
	at org.codehaus.groovy.runtime.callsite.AbstractCallSite.callCurrent(AbstractCallSite.java:141)
	at org.codehaus.gant.GantBinding$_initializeGantBinding_closure5_closure16_closure18.doCall(GantBinding.groovy)
	at sun.reflect.NativeMethodAccessorImpl.invoke0(Native Method)
	at sun.reflect.NativeMethodAccessorImpl.invoke(NativeMethodAccessorImpl.java:57)
	at sun.reflect.DelegatingMethodAccessorImpl.invoke(DelegatingMethodAccessorImpl.java:43)
	at java.lang.reflect.Method.invoke(Method.java:601)
	at org.codehaus.groovy.runtime.callsite.PogoMetaMethodSite$PogoCachedMethodSiteNoUnwrapNoCoerce.invoke(PogoMetaMethodSite.java:272)
	at org.codehaus.groovy.runtime.callsite.PogoMetaMethodSite.call(PogoMetaMethodSite.java:64)
	at org.codehaus.groovy.runtime.callsite.AbstractCallSite.call(AbstractCallSite.java:112)
	at org.codehaus.gant.GantBinding.withTargetEvent(GantBinding.groovy:90)
	at org.codehaus.gant.GantBinding.this$4$withTargetEvent(GantBinding.groovy)
	at sun.reflect.NativeMethodAccessorImpl.invoke0(Native Method)
	at sun.reflect.NativeMethodAccessorImpl.invoke(NativeMethodAccessorImpl.java:57)
	at sun.reflect.DelegatingMethodAccessorImpl.invoke(DelegatingMethodAccessorImpl.java:43)
	at java.lang.reflect.Method.invoke(Method.java:601)
	at org.codehaus.groovy.reflection.CachedMethod.invoke(CachedMethod.java:90)
	at groovy.lang.MetaMethod.doMethodInvoke(MetaMethod.java:233)
	at groovy.lang.MetaClassImpl.invokeMethod(MetaClassImpl.java:1076)
	at groovy.lang.ExpandoMetaClass.invokeMethod(ExpandoMetaClass.java:1110)
	at groovy.lang.MetaClassImpl.invokeMethod(MetaClassImpl.java:906)
	at groovy.lang.MetaClassImpl.invokeMethod(MetaClassImpl.java:1021)
	at groovy.lang.ExpandoMetaClass.invokeMethod(ExpandoMetaClass.java:1110)
	at groovy.lang.MetaClassImpl.invokeMethod(MetaClassImpl.java:906)
	at groovy.lang.MetaClassImpl.invokeMethod(MetaClassImpl.java:727)
	at groovy.lang.GroovyObjectSupport.invokeMethod(GroovyObjectSupport.java:44)
	at groovy.lang.MetaClassImpl.invokeMethodOnGroovyObject(MetaClassImpl.java:1141)
	at groovy.lang.MetaClassImpl.invokeMethod(MetaClassImpl.java:1035)
	at groovy.lang.ExpandoMetaClass.invokeMethod(ExpandoMetaClass.java:1110)
	at groovy.lang.MetaClassImpl.invokeMethod(MetaClassImpl.java:906)
	at org.codehaus.groovy.runtime.callsite.PogoMetaClassSite.callCurrent(PogoMetaClassSite.java:66)
	at org.codehaus.groovy.runtime.callsite.AbstractCallSite.callCurrent(AbstractCallSite.java:149)
	at org.codehaus.gant.GantBinding$_initializeGantBinding_closure5_closure16.doCall(GantBinding.groovy:185)
	at sun.reflect.NativeMethodAccessorImpl.invoke0(Native Method)
	at sun.reflect.NativeMethodAccessorImpl.invoke(NativeMethodAccessorImpl.java:57)
	at sun.reflect.DelegatingMethodAccessorImpl.invoke(DelegatingMethodAccessorImpl.java:43)
	at java.lang.reflect.Method.invoke(Method.java:601)
	at org.codehaus.groovy.runtime.callsite.PogoMetaMethodSite$PogoCachedMethodSite.invoke(PogoMetaMethodSite.java:231)
	at org.codehaus.groovy.runtime.callsite.PogoMetaMethodSite.callCurrent(PogoMetaMethodSite.java:52)
	at org.codehaus.groovy.runtime.callsite.AbstractCallSite.callCurrent(AbstractCallSite.java:141)
	at org.codehaus.gant.GantBinding$_initializeGantBinding_closure5_closure16.doCall(GantBinding.groovy)
	at sun.reflect.NativeMethodAccessorImpl.invoke0(Native Method)
	at sun.reflect.NativeMethodAccessorImpl.invoke(NativeMethodAccessorImpl.java:57)
	at sun.reflect.DelegatingMethodAccessorImpl.invoke(DelegatingMethodAccessorImpl.java:43)
	at java.lang.reflect.Method.invoke(Method.java:601)
	at org.codehaus.groovy.reflection.CachedMethod.invoke(CachedMethod.java:90)
	at groovy.lang.MetaMethod.doMethodInvoke(MetaMethod.java:233)
	at groovy.lang.MetaClassImpl.invokeMethod(MetaClassImpl.java:1076)
	at groovy.lang.ExpandoMetaClass.invokeMethod(ExpandoMetaClass.java:1110)
	at groovy.lang.MetaClassImpl.invokeMethod(MetaClassImpl.java:906)
	at groovy.lang.Closure.call(Closure.java:415)
	at groovy.lang.Closure.call(Closure.java:409)
	at sun.reflect.NativeMethodAccessorImpl.invoke0(Native Method)
	at sun.reflect.NativeMethodAccessorImpl.invoke(NativeMethodAccessorImpl.java:57)
	at sun.reflect.DelegatingMethodAccessorImpl.invoke(DelegatingMethodAccessorImpl.java:43)
	at java.lang.reflect.Method.invoke(Method.java:601)
	at org.codehaus.groovy.reflection.CachedMethod.invoke(CachedMethod.java:90)
	at groovy.lang.MetaMethod.doMethodInvoke(MetaMethod.java:233)
	at groovy.lang.MetaClassImpl.invokeMethod(MetaClassImpl.java:1076)
	at groovy.lang.ExpandoMetaClass.invokeMethod(ExpandoMetaClass.java:1110)
	at groovy.lang.MetaClassImpl.invokeMethod(MetaClassImpl.java:906)
	at groovy.lang.MetaClassImpl.invokePropertyOrMissing(MetaClassImpl.java:1122)
	at groovy.lang.MetaClassImpl.invokeMethod(MetaClassImpl.java:1078)
	at groovy.lang.ExpandoMetaClass.invokeMethod(ExpandoMetaClass.java:1110)
	at groovy.lang.MetaClassImpl.invokeMethod(MetaClassImpl.java:906)
	at groovy.lang.MetaClassImpl.invokeMethod(MetaClassImpl.java:727)
	at groovy.lang.GroovyObjectSupport.invokeMethod(GroovyObjectSupport.java:44)
	at groovy.lang.Script.invokeMethod(Script.java:78)
	at groovy.lang.MetaClassImpl.invokeMethodOnGroovyObject(MetaClassImpl.java:1141)
	at groovy.lang.MetaClassImpl.invokeMethod(MetaClassImpl.java:1035)
	at groovy.lang.ExpandoMetaClass.invokeMethod(ExpandoMetaClass.java:1110)
	at groovy.lang.MetaClassImpl.invokeMethod(MetaClassImpl.java:906)
	at groovy.lang.DelegatingMetaClass.invokeMethod(DelegatingMetaClass.java:149)
	at org.codehaus.gant.GantMetaClass.invokeMethod(GantMetaClass.java:133)
	at org.codehaus.groovy.runtime.callsite.PogoMetaClassSite.callCurrent(PogoMetaClassSite.java:66)
	at org.codehaus.groovy.runtime.callsite.CallSiteArray.defaultCallCurrent(CallSiteArray.java:49)
	at org.codehaus.groovy.runtime.callsite.AbstractCallSite.callCurrent(AbstractCallSite.java:133)
	at org.codehaus.groovy.runtime.callsite.AbstractCallSite.callCurrent(AbstractCallSite.java:137)
	at TestApp$_run_closure1.doCall(TestApp:82)
	at sun.reflect.NativeMethodAccessorImpl.invoke0(Native Method)
	at sun.reflect.NativeMethodAccessorImpl.invoke(NativeMethodAccessorImpl.java:57)
	at sun.reflect.DelegatingMethodAccessorImpl.invoke(DelegatingMethodAccessorImpl.java:43)
	at java.lang.reflect.Method.invoke(Method.java:601)
	at org.codehaus.groovy.reflection.CachedMethod.invoke(CachedMethod.java:90)
	at groovy.lang.MetaMethod.doMethodInvoke(MetaMethod.java:233)
	at groovy.lang.MetaClassImpl.invokeMethod(MetaClassImpl.java:1076)
	at groovy.lang.ExpandoMetaClass.invokeMethod(ExpandoMetaClass.java:1110)
	at groovy.lang.MetaClassImpl.invokeMethod(MetaClassImpl.java:906)
	at groovy.lang.DelegatingMetaClass.invokeMethod(DelegatingMetaClass.java:149)
	at org.codehaus.gant.GantMetaClass.invokeMethod(GantMetaClass.java:133)
	at groovy.lang.Closure.call(Closure.java:415)
	at groovy.lang.Closure.call(Closure.java:428)
	at sun.reflect.GeneratedMethodAccessor54.invoke(Unknown Source)
	at sun.reflect.DelegatingMethodAccessorImpl.invoke(DelegatingMethodAccessorImpl.java:43)
	at java.lang.reflect.Method.invoke(Method.java:601)
	at org.codehaus.groovy.reflection.CachedMethod.invoke(CachedMethod.java:90)
	at groovy.lang.MetaMethod.doMethodInvoke(MetaMethod.java:233)
	at groovy.lang.MetaClassImpl.invokeMethod(MetaClassImpl.java:1076)
	at groovy.lang.ExpandoMetaClass.invokeMethod(ExpandoMetaClass.java:1110)
	at groovy.lang.MetaClassImpl.invokeMethod(MetaClassImpl.java:906)
	at groovy.lang.DelegatingMetaClass.invokeMethod(DelegatingMetaClass.java:149)
	at org.codehaus.gant.GantMetaClass.invokeMethod(GantMetaClass.java:133)
	at org.codehaus.groovy.runtime.callsite.PogoMetaClassSite.call(PogoMetaClassSite.java:39)
	at org.codehaus.groovy.runtime.callsite.CallSiteArray.defaultCall(CallSiteArray.java:45)
	at org.codehaus.groovy.runtime.callsite.PogoMetaClassSite.call(PogoMetaClassSite.java:54)
	at org.codehaus.groovy.runtime.callsite.AbstractCallSite.call(AbstractCallSite.java:116)
	at org.codehaus.gant.GantBinding$_initializeGantBinding_closure5_closure16_closure18.doCall(GantBinding.groovy:185)
	at sun.reflect.NativeMethodAccessorImpl.invoke0(Native Method)
	at sun.reflect.NativeMethodAccessorImpl.invoke(NativeMethodAccessorImpl.java:57)
	at sun.reflect.DelegatingMethodAccessorImpl.invoke(DelegatingMethodAccessorImpl.java:43)
	at java.lang.reflect.Method.invoke(Method.java:601)
	at org.codehaus.groovy.runtime.callsite.PogoMetaMethodSite$PogoCachedMethodSite.invoke(PogoMetaMethodSite.java:231)
	at org.codehaus.groovy.runtime.callsite.PogoMetaMethodSite.callCurrent(PogoMetaMethodSite.java:52)
	at org.codehaus.groovy.runtime.callsite.AbstractCallSite.callCurrent(AbstractCallSite.java:141)
	at org.codehaus.gant.GantBinding$_initializeGantBinding_closure5_closure16_closure18.doCall(GantBinding.groovy)
	at sun.reflect.NativeMethodAccessorImpl.invoke0(Native Method)
	at sun.reflect.NativeMethodAccessorImpl.invoke(NativeMethodAccessorImpl.java:57)
	at sun.reflect.DelegatingMethodAccessorImpl.invoke(DelegatingMethodAccessorImpl.java:43)
	at java.lang.reflect.Method.invoke(Method.java:601)
	at org.codehaus.groovy.runtime.callsite.PogoMetaMethodSite$PogoCachedMethodSiteNoUnwrapNoCoerce.invoke(PogoMetaMethodSite.java:272)
	at org.codehaus.groovy.runtime.callsite.PogoMetaMethodSite.call(PogoMetaMethodSite.java:64)
	at org.codehaus.groovy.runtime.callsite.AbstractCallSite.call(AbstractCallSite.java:112)
	at org.codehaus.gant.GantBinding.withTargetEvent(GantBinding.groovy:90)
	at org.codehaus.gant.GantBinding.this$4$withTargetEvent(GantBinding.groovy)
	at sun.reflect.NativeMethodAccessorImpl.invoke0(Native Method)
	at sun.reflect.NativeMethodAccessorImpl.invoke(NativeMethodAccessorImpl.java:57)
	at sun.reflect.DelegatingMethodAccessorImpl.invoke(DelegatingMethodAccessorImpl.java:43)
	at java.lang.reflect.Method.invoke(Method.java:601)
	at org.codehaus.groovy.reflection.CachedMethod.invoke(CachedMethod.java:90)
	at groovy.lang.MetaMethod.doMethodInvoke(MetaMethod.java:233)
	at groovy.lang.MetaClassImpl.invokeMethod(MetaClassImpl.java:1076)
	at groovy.lang.ExpandoMetaClass.invokeMethod(ExpandoMetaClass.java:1110)
	at groovy.lang.MetaClassImpl.invokeMethod(MetaClassImpl.java:906)
	at groovy.lang.MetaClassImpl.invokeMethod(MetaClassImpl.java:1021)
	at groovy.lang.ExpandoMetaClass.invokeMethod(ExpandoMetaClass.java:1110)
	at groovy.lang.MetaClassImpl.invokeMethod(MetaClassImpl.java:906)
	at groovy.lang.MetaClassImpl.invokeMethod(MetaClassImpl.java:727)
	at groovy.lang.GroovyObjectSupport.invokeMethod(GroovyObjectSupport.java:44)
	at groovy.lang.MetaClassImpl.invokeMethodOnGroovyObject(MetaClassImpl.java:1141)
	at groovy.lang.MetaClassImpl.invokeMethod(MetaClassImpl.java:1035)
	at groovy.lang.ExpandoMetaClass.invokeMethod(ExpandoMetaClass.java:1110)
	at groovy.lang.MetaClassImpl.invokeMethod(MetaClassImpl.java:906)
	at org.codehaus.groovy.runtime.callsite.PogoMetaClassSite.callCurrent(PogoMetaClassSite.java:66)
	at org.codehaus.groovy.runtime.callsite.AbstractCallSite.callCurrent(AbstractCallSite.java:149)
	at org.codehaus.gant.GantBinding$_initializeGantBinding_closure5_closure16.doCall(GantBinding.groovy:185)
	at sun.reflect.NativeMethodAccessorImpl.invoke0(Native Method)
	at sun.reflect.NativeMethodAccessorImpl.invoke(NativeMethodAccessorImpl.java:57)
	at sun.reflect.DelegatingMethodAccessorImpl.invoke(DelegatingMethodAccessorImpl.java:43)
	at java.lang.reflect.Method.invoke(Method.java:601)
	at org.codehaus.groovy.runtime.callsite.PogoMetaMethodSite$PogoCachedMethodSite.invoke(PogoMetaMethodSite.java:231)
	at org.codehaus.groovy.runtime.callsite.PogoMetaMethodSite.callCurrent(PogoMetaMethodSite.java:52)
	at org.codehaus.groovy.runtime.callsite.AbstractCallSite.callCurrent(AbstractCallSite.java:141)
	at org.codehaus.gant.GantBinding$_initializeGantBinding_closure5_closure16.doCall(GantBinding.groovy)
	at sun.reflect.NativeMethodAccessorImpl.invoke0(Native Method)
	at sun.reflect.NativeMethodAccessorImpl.invoke(NativeMethodAccessorImpl.java:57)
	at sun.reflect.DelegatingMethodAccessorImpl.invoke(DelegatingMethodAccessorImpl.java:43)
	at java.lang.reflect.Method.invoke(Method.java:601)
	at org.codehaus.groovy.runtime.callsite.PogoMetaMethodSite$PogoCachedMethodSiteNoUnwrapNoCoerce.invoke(PogoMetaMethodSite.java:272)
	at org.codehaus.groovy.runtime.callsite.PogoMetaMethodSite.call(PogoMetaMethodSite.java:64)
	at org.codehaus.groovy.runtime.callsite.CallSiteArray.defaultCall(CallSiteArray.java:45)
	at org.codehaus.groovy.runtime.callsite.AbstractCallSite.call(AbstractCallSite.java:108)
	at org.codehaus.groovy.runtime.callsite.AbstractCallSite.call(AbstractCallSite.java:112)
	at gant.Gant$_dispatch_closure5.doCall(Gant.groovy:381)
	at sun.reflect.NativeMethodAccessorImpl.invoke0(Native Method)
	at sun.reflect.NativeMethodAccessorImpl.invoke(NativeMethodAccessorImpl.java:57)
	at sun.reflect.DelegatingMethodAccessorImpl.invoke(DelegatingMethodAccessorImpl.java:43)
	at java.lang.reflect.Method.invoke(Method.java:601)
	at org.codehaus.groovy.runtime.callsite.PogoMetaMethodSite$PogoCachedMethodSiteNoUnwrapNoCoerce.invoke(PogoMetaMethodSite.java:272)
	at org.codehaus.groovy.runtime.callsite.PogoMetaMethodSite.call(PogoMetaMethodSite.java:64)
	at org.codehaus.groovy.runtime.callsite.CallSiteArray.defaultCall(CallSiteArray.java:45)
	at org.codehaus.groovy.runtime.callsite.AbstractCallSite.call(AbstractCallSite.java:108)
	at org.codehaus.groovy.runtime.callsite.AbstractCallSite.call(AbstractCallSite.java:116)
	at gant.Gant$_dispatch_closure7.doCall(Gant.groovy:415)
	at sun.reflect.NativeMethodAccessorImpl.invoke0(Native Method)
	at sun.reflect.NativeMethodAccessorImpl.invoke(NativeMethodAccessorImpl.java:57)
	at sun.reflect.DelegatingMethodAccessorImpl.invoke(DelegatingMethodAccessorImpl.java:43)
	at java.lang.reflect.Method.invoke(Method.java:601)
	at org.codehaus.groovy.runtime.callsite.PogoMetaMethodSite$PogoCachedMethodSite.invoke(PogoMetaMethodSite.java:231)
	at org.codehaus.groovy.runtime.callsite.PogoMetaMethodSite.callCurrent(PogoMetaMethodSite.java:52)
	at org.codehaus.groovy.runtime.callsite.CallSiteArray.defaultCallCurrent(CallSiteArray.java:49)
	at org.codehaus.groovy.runtime.callsite.AbstractCallSite.callCurrent(AbstractCallSite.java:133)
	at org.codehaus.groovy.runtime.callsite.AbstractCallSite.callCurrent(AbstractCallSite.java:141)
	at gant.Gant$_dispatch_closure7.doCall(Gant.groovy)
	at sun.reflect.NativeMethodAccessorImpl.invoke0(Native Method)
	at sun.reflect.NativeMethodAccessorImpl.invoke(NativeMethodAccessorImpl.java:57)
	at sun.reflect.DelegatingMethodAccessorImpl.invoke(DelegatingMethodAccessorImpl.java:43)
	at java.lang.reflect.Method.invoke(Method.java:601)
	at org.codehaus.groovy.runtime.callsite.PogoMetaMethodSite$PogoCachedMethodSiteNoUnwrapNoCoerce.invoke(PogoMetaMethodSite.java:272)
	at org.codehaus.groovy.runtime.callsite.PogoMetaMethodSite.call(PogoMetaMethodSite.java:64)
	at org.codehaus.groovy.runtime.callsite.CallSiteArray.defaultCall(CallSiteArray.java:45)
	at org.codehaus.groovy.runtime.callsite.AbstractCallSite.call(AbstractCallSite.java:108)
	at org.codehaus.groovy.runtime.callsite.AbstractCallSite.call(AbstractCallSite.java:112)
	at gant.Gant.withBuildListeners(Gant.groovy:427)
	at gant.Gant.this$2$withBuildListeners(Gant.groovy)
	at gant.Gant$this$2$withBuildListeners.callCurrent(Unknown Source)
	at org.codehaus.groovy.runtime.callsite.CallSiteArray.defaultCallCurrent(CallSiteArray.java:49)
	at org.codehaus.groovy.runtime.callsite.AbstractCallSite.callCurrent(AbstractCallSite.java:133)
	at org.codehaus.groovy.runtime.callsite.AbstractCallSite.callCurrent(AbstractCallSite.java:141)
	at gant.Gant.dispatch(Gant.groovy:415)
	at gant.Gant.this$2$dispatch(Gant.groovy)
	at sun.reflect.NativeMethodAccessorImpl.invoke0(Native Method)
	at sun.reflect.NativeMethodAccessorImpl.invoke(NativeMethodAccessorImpl.java:57)
	at sun.reflect.DelegatingMethodAccessorImpl.invoke(DelegatingMethodAccessorImpl.java:43)
	at java.lang.reflect.Method.invoke(Method.java:601)
	at org.codehaus.groovy.reflection.CachedMethod.invoke(CachedMethod.java:90)
	at groovy.lang.MetaMethod.doMethodInvoke(MetaMethod.java:233)
	at groovy.lang.MetaClassImpl.invokeMethod(MetaClassImpl.java:1076)
	at groovy.lang.ExpandoMetaClass.invokeMethod(ExpandoMetaClass.java:1110)
	at groovy.lang.MetaClassImpl.invokeMethod(MetaClassImpl.java:906)
	at groovy.lang.MetaClassImpl.invokeMethod(MetaClassImpl.java:729)
	at gant.Gant.invokeMethod(Gant.groovy)
	at groovy.lang.GroovyObject$invokeMethod.callCurrent(Unknown Source)
	at org.codehaus.groovy.runtime.callsite.CallSiteArray.defaultCallCurrent(CallSiteArray.java:49)
	at org.codehaus.groovy.runtime.callsite.AbstractCallSite.callCurrent(AbstractCallSite.java:133)
	at org.codehaus.groovy.runtime.callsite.AbstractCallSite.callCurrent(AbstractCallSite.java:145)
	at gant.Gant.executeTargets(Gant.groovy:591)
	at sun.reflect.NativeMethodAccessorImpl.invoke0(Native Method)
	at sun.reflect.NativeMethodAccessorImpl.invoke(NativeMethodAccessorImpl.java:57)
	at sun.reflect.DelegatingMethodAccessorImpl.invoke(DelegatingMethodAccessorImpl.java:43)
	at java.lang.reflect.Method.invoke(Method.java:601)
	at org.codehaus.groovy.runtime.callsite.PogoMetaMethodSite$PogoCachedMethodSite.invoke(PogoMetaMethodSite.java:231)
	at org.codehaus.groovy.runtime.callsite.PogoMetaMethodSite.callCurrent(PogoMetaMethodSite.java:52)
	at org.codehaus.groovy.runtime.callsite.CallSiteArray.defaultCallCurrent(CallSiteArray.java:49)
	at org.codehaus.groovy.runtime.callsite.AbstractCallSite.callCurrent(AbstractCallSite.java:133)
	at org.codehaus.groovy.runtime.callsite.AbstractCallSite.callCurrent(AbstractCallSite.java:145)
	at gant.Gant.executeTargets(Gant.groovy:590)
	at org.codehaus.groovy.grails.cli.GrailsScriptRunner.executeWithGantInstance(GrailsScriptRunner.java:768)
	at org.codehaus.groovy.grails.cli.GrailsScriptRunner.executeScriptFile(GrailsScriptRunner.java:566)
	at org.codehaus.groovy.grails.cli.GrailsScriptRunner.executeScriptWithCaching(GrailsScriptRunner.java:465)
	at org.codehaus.groovy.grails.cli.GrailsScriptRunner.callPluginOrGrailsScript(GrailsScriptRunner.java:409)
	at org.codehaus.groovy.grails.cli.GrailsScriptRunner.executeCommand(GrailsScriptRunner.java:373)
	at org.codehaus.groovy.grails.cli.GrailsScriptRunner.main(GrailsScriptRunner.java:232)
	at sun.reflect.NativeMethodAccessorImpl.invoke0(Native Method)
	at sun.reflect.NativeMethodAccessorImpl.invoke(NativeMethodAccessorImpl.java:57)
	at sun.reflect.DelegatingMethodAccessorImpl.invoke(DelegatingMethodAccessorImpl.java:43)
	at java.lang.reflect.Method.invoke(Method.java:601)
	at org.codehaus.groovy.grails.cli.support.GrailsStarter.rootLoader(GrailsStarter.java:234)
	at org.codehaus.groovy.grails.cli.support.GrailsStarter.main(GrailsStarter.java:262)
	at sun.reflect.NativeMethodAccessorImpl.invoke0(Native Method)
	at sun.reflect.NativeMethodAccessorImpl.invoke(NativeMethodAccessorImpl.java:57)
	at sun.reflect.DelegatingMethodAccessorImpl.invoke(DelegatingMethodAccessorImpl.java:43)
	at java.lang.reflect.Method.invoke(Method.java:601)
	at org.grails.wrapper.GrailsWrapper.main(GrailsWrapper.java:94)
2013-01-09 20:44:49,652 [main] ERROR StackTrace  - Full Stack Trace:
junit.framework.AssertionFailedError: Implement me
	at junit.framework.Assert.fail(Assert.java:50)
	at pile.qui.deborde.HelloWorldControllerTests.testSomething(HelloWorldControllerTests.groovy:15)
2013-01-09 20:44:49,704 [main] ERROR StackTrace  - Full Stack Trace:
junit.framework.AssertionFailedError: junit.framework.AssertionFailedError: Implement me
	at junit.framework.Assert.fail(Assert.java:50)
	at pile.qui.deborde.HelloWorldControllerTests.testSomething(HelloWorldControllerTests.groovy:15)
2013-01-09 20:44:49,705 [main] ERROR StackTrace  - Full Stack Trace:
junit.framework.AssertionFailedError: junit.framework.AssertionFailedError: Implement me
	at junit.framework.Assert.fail(Assert.java:50)
	at pile.qui.deborde.HelloWorldControllerTests.testSomething(HelloWorldControllerTests.groovy:15)
2013-01-09 20:44:49,722 [main] ERROR StackTrace  - Full Stack Trace:
junit.framework.AssertionFailedError: junit.framework.AssertionFailedError: Implement me
	at junit.framework.Assert.fail(Assert.java:50)
	at pile.qui.deborde.HelloWorldControllerTests.testSomething(HelloWorldControllerTests.groovy:15)
2013-01-09 20:44:49,722 [main] ERROR StackTrace  - Full Stack Trace:
junit.framework.AssertionFailedError: junit.framework.AssertionFailedError: Implement me
	at junit.framework.Assert.fail(Assert.java:50)
	at pile.qui.deborde.HelloWorldControllerTests.testSomething(HelloWorldControllerTests.groovy:15)
